c:\users\alexm\onedrive - universidad de los andes\tesis mecánica\codigos c++\farmbot_simulator\x64\debug\vc142.pdb
c:\users\alexm\onedrive - universidad de los andes\tesis mecánica\codigos c++\farmbot_simulator\x64\debug\.netframework,version=v4.7.2.assemblyattributes.obj
c:\users\alexm\onedrive - universidad de los andes\tesis mecánica\codigos c++\farmbot_simulator\x64\debug\main_interface.obj
c:\users\alexm\onedrive - universidad de los andes\tesis mecánica\codigos c++\farmbot_simulator\x64\debug\pinguardpin.obj
c:\users\alexm\onedrive - universidad de los andes\tesis mecánica\codigos c++\farmbot_simulator\x64\debug\pinguard.obj
c:\users\alexm\onedrive - universidad de los andes\tesis mecánica\codigos c++\farmbot_simulator\x64\debug\pincontrol.obj
c:\users\alexm\onedrive - universidad de los andes\tesis mecánica\codigos c++\farmbot_simulator\x64\debug\pinclass.obj
c:\users\alexm\onedrive - universidad de los andes\tesis mecánica\codigos c++\farmbot_simulator\x64\debug\parameterlist.obj
c:\users\alexm\onedrive - universidad de los andes\tesis mecánica\codigos c++\farmbot_simulator\x64\debug\farmbot.obj
c:\users\alexm\onedrive - universidad de los andes\tesis mecánica\codigos c++\farmbot_simulator\x64\debug\currentstate.obj
c:\users\alexm\onedrive - universidad de los andes\tesis mecánica\codigos c++\farmbot_simulator\x64\debug\farmbot_simulator.exe
c:\users\alexm\onedrive - universidad de los andes\tesis mecánica\codigos c++\farmbot_simulator\x64\debug\farmbot_simulator.pdb
c:\users\alexm\onedrive - universidad de los andes\tesis mecánica\codigos c++\farmbot_simulator\x64\debug\farmbot_simulator.exe.metagen
c:\users\alexm\onedrive - universidad de los andes\tesis mecánica\codigos c++\farmbot_simulator\x64\debug\farmbot_.71315b0d.tlog\cl.command.1.tlog
c:\users\alexm\onedrive - universidad de los andes\tesis mecánica\codigos c++\farmbot_simulator\x64\debug\farmbot_.71315b0d.tlog\cl.read.1.tlog
c:\users\alexm\onedrive - universidad de los andes\tesis mecánica\codigos c++\farmbot_simulator\x64\debug\farmbot_.71315b0d.tlog\cl.write.1.tlog
c:\users\alexm\onedrive - universidad de los andes\tesis mecánica\codigos c++\farmbot_simulator\x64\debug\farmbot_.71315b0d.tlog\link.command.1.tlog
c:\users\alexm\onedrive - universidad de los andes\tesis mecánica\codigos c++\farmbot_simulator\x64\debug\farmbot_.71315b0d.tlog\link.read.1.tlog
c:\users\alexm\onedrive - universidad de los andes\tesis mecánica\codigos c++\farmbot_simulator\x64\debug\farmbot_.71315b0d.tlog\link.write.1.tlog
c:\users\alexm\onedrive - universidad de los andes\tesis mecánica\codigos c++\farmbot_simulator\x64\debug\farmbot_.71315b0d.tlog\metagen.read.1.tlog
c:\users\alexm\onedrive - universidad de los andes\tesis mecánica\codigos c++\farmbot_simulator\x64\debug\farmbot_.71315b0d.tlog\metagen.write.1.tlog
